<?xml version="1.0" encoding="UTF-8"?>
<!-- Generated by org.testng.reporters.JUnitReportReporter -->
<testsuite hostname="DESKTOP-D8HST9O" name="script.InvalidLogin" tests="1" failures="0" timestamp="21 Mar 2018 04:23:37 GMT" time="21.027" errors="0">
  <testcase name="testbInvalidLogin" time="21.027" classname="script.InvalidLogin"/>
</testsuite> <!-- script.InvalidLogin -->
