<?xml version="1.0" encoding="UTF-8"?>
<!-- Generated by org.testng.reporters.JUnitReportReporter -->
<testsuite skipped="0" hostname="Navya-PC" name="script.InvalidLogin" tests="1" failures="0" timestamp="13 Mar 2018 10:34:01 GMT" time="225.153" errors="0">
  <testcase name="testInvalidLogin" time="225.153" classname="script.InvalidLogin"/>
</testsuite> <!-- script.InvalidLogin -->
