<?xml version="1.0" encoding="UTF-8"?>
<!-- Generated by org.testng.reporters.JUnitReportReporter -->
<testsuite skipped="0" hostname="Navya-PC" name="script.ValidLogin" tests="1" failures="0" timestamp="13 Mar 2018 10:01:53 GMT" time="85.424" errors="0">
  <testcase name="testValidLogin" time="85.424" classname="script.ValidLogin"/>
</testsuite> <!-- script.ValidLogin -->
