<?xml version="1.0" encoding="UTF-8"?>
<!-- Generated by org.testng.reporters.JUnitReportReporter -->
<testsuite skipped="0" hostname="Navya-PC" name="script.CheckProductVersion" tests="1" failures="0" timestamp="13 Mar 2018 11:09:59 GMT" time="32.384" errors="0">
  <testcase name="testCheckProductVersion" time="32.384" classname="script.CheckProductVersion"/>
</testsuite> <!-- script.CheckProductVersion -->
