<?xml version="1.0" encoding="UTF-8"?>
<!-- Generated by org.testng.reporters.JUnitReportReporter -->
<testsuite skipped="0" hostname="Navya-PC" name="script.InvalidLogin" tests="1" failures="0" timestamp="12 Mar 2018 06:56:07 GMT" time="81.599" errors="0">
  <testcase name="testInvalidLogin" time="81.599" classname="script.InvalidLogin"/>
</testsuite> <!-- script.InvalidLogin -->
