<?xml version="1.0" encoding="UTF-8"?>
<!-- Generated by org.testng.reporters.JUnitReportReporter -->
<testsuite hostname="DESKTOP-D8HST9O" name="script.CheckValidLogin" tests="1" failures="0" timestamp="21 Mar 2018 04:23:37 GMT" time="9.160" errors="0">
  <testcase name="testValidLogin" time="9.160" classname="script.CheckValidLogin"/>
</testsuite> <!-- script.CheckValidLogin -->
